\BOOKMARK [0][-]{section*.1}{فهرست مطالب}{}% 1
\BOOKMARK [0][-]{section*.3}{فهرست تصاویر}{}% 2
\BOOKMARK [0][-]{chapter.1}{مفاهیم}{}% 3
\BOOKMARK [1][-]{section.1.1}{کارساز وب چیست؟}{chapter.1}% 4
\BOOKMARK [1][-]{section.1.2}{مدیر پایگاه‌ داده مای‌اس‌کیو‌ال و زبان برنامه‌نویسی پی‌اچ‌پی}{chapter.1}% 5
\BOOKMARK [1][-]{section.1.3}{دلیل انتخاب گنو/لینوکس و توزیع اوبونتو}{chapter.1}% 6
\BOOKMARK [2][-]{subsection.1.3.1}{نگاهی مختصر بر تاریخچه گنو/لینوکس}{section.1.3}% 7
\BOOKMARK [2][-]{subsection.1.3.2}{ویژگی های سیستم عامل گنو/لینوکس}{section.1.3}% 8
\BOOKMARK [1][-]{section.1.4}{چه نیازی به نصب به صورت سند‌باکس است؟}{chapter.1}% 9
\BOOKMARK [1][-]{section.1.5}{ویرچوال‌باکس برای ایجاد ماشین مجازی}{chapter.1}% 10
\BOOKMARK [1][-]{section.1.6}{تنظیم اولیه ویرچوال‌باکس برای نصب اوبونتو سرور ۱۴٫۰۴}{chapter.1}% 11
\BOOKMARK [1][-]{section.1.7}{انتقال درگاه  «Port Forwarding»}{chapter.1}% 12
\BOOKMARK [1][-]{section.1.8}{نصب اوبونتو سرور ۱۴٫۰۴}{chapter.1}% 13
\BOOKMARK [1][-]{section.1.9}{چکیدهٔ فصل}{chapter.1}% 14
\BOOKMARK [0][-]{chapter.2}{تنظیمات سندباکس و میزبان}{}% 15
\BOOKMARK [1][-]{section.2.1}{اتصال به 127.0.0.1 با نامی دیگر}{chapter.2}% 16
\BOOKMARK [1][-]{section.2.2}{سیستم‌عامل گنو/لینوکس و اواس ده،}{chapter.2}% 17
\BOOKMARK [1][-]{section.2.3}{در سیستم‌عامل ویندوز}{chapter.2}% 18
\BOOKMARK [1][-]{section.2.4}{اتصال به سندباکس با استفاده از اس‌اس‌اچ «SSH»}{chapter.2}% 19
\BOOKMARK [1][-]{section.2.5}{ اتصال SSH در ویندوز:}{chapter.2}% 20
\BOOKMARK [1][-]{section.2.6}{نصب چند نرم‌افزار مورد نیاز برای پیکربندی سندباکس}{chapter.2}% 21
\BOOKMARK [1][-]{section.2.7}{اتصال پوشه اشتراکی در ویرچوال‌باکس}{chapter.2}% 22
\BOOKMARK [1][-]{section.2.8}{تنظیم و پیکربندی آپاچی}{chapter.2}% 23
\BOOKMARK [0][-]{chapter.3}{تنظیمات MySQl و PHP}{}% 24
\BOOKMARK [1][-]{section.3.1}{پی‌اچ‌پی و تنظیمات مورد‌نیاز}{chapter.3}% 25
\BOOKMARK [1][-]{section.3.2}{ تنظیم و استفاده از مای‌اس‌کیوال}{chapter.3}% 26
\BOOKMARK [0][-]{chapter.4}{استفاده از اوراکل «MySql Workbrench» }{}% 27
\BOOKMARK [0][-]{chapter.5}{ارسال رایانامه با اِگزیم «Exim» }{}% 28
\BOOKMARK [0][-]{chapter.6}{مدیریت MySQL از طریق مرورگر}{}% 29
\BOOKMARK [1][-]{section.6.1}{ساخت یک پیشخوان}{chapter.6}% 30
\BOOKMARK [1][-]{section.6.2}{نصب پی‌اچ‌پی مای‌ادمین «PHPMyAdmin» }{chapter.6}% 31
\BOOKMARK [1][-]{section.6.3}{ساخت جداول و کاربران مورد نیاز در سندباکس}{chapter.6}% 32
\BOOKMARK [1][-]{section.6.4}{فایل پیشخوان}{chapter.6}% 33
\BOOKMARK [0][-]{chapter.7}{مدیریت و وضعیت سرور}{}% 34
\BOOKMARK [1][-]{section.7.1}{مدیریت سرور با ابزار گرافیکی}{chapter.7}% 35
\BOOKMARK [0][-]{chapter.8}{افزودن قابلیتهای بیشتر به PHP}{}% 36
\BOOKMARK [1][-]{section.8.1}{نصب چند ابزار برای مدیریت و نصب برخی اجزاء پی‌اچ‌پی}{chapter.8}% 37
\BOOKMARK [2][-]{subsection.8.1.1}{نصب و استفاده از کومپوزر «Composer»}{section.8.1}% 38
\BOOKMARK [0][-]{chapter.9}{نصب و مدیریت کارساز Git}{}% 39
\BOOKMARK [1][-]{section.9.1}{گیت «GIT» چیست؟}{chapter.9}% 40
\BOOKMARK [1][-]{section.9.2}{ نصب و تنظیمات نرم‌افزار گیت‌وب «gitweb»}{chapter.9}% 41
\BOOKMARK [1][-]{section.9.3}{چارچوب کاری سیمفونی «Symfony»}{chapter.9}% 42
\BOOKMARK [1][-]{section.9.4}{چارچوب‌کاری کیک پی‌اچ‌پی CackePHP}{chapter.9}% 43
\BOOKMARK [1][-]{section.9.5}{نصب و اجرای وردپرس WordPress برای آزمودن کارساز}{chapter.9}% 44
\BOOKMARK [1][-]{section.9.6}{نصب مدیر محتوای آزاد دروپال}{chapter.9}% 45
