This is XeTeX, Version 3.14159265-2.6-0.99992 (TeX Live 2015/Arch Linux) (preloaded format=xelatex 2015.9.19)  24 SEP 2015 15:29
entering extended mode
 restricted \write18 enabled.
 %&-line parsing enabled.
**properties.tex
(./properties.tex
LaTeX2e <2015/01/01>
Babel <3.9l> and hyphenation patterns for 79 languages loaded.

! LaTeX Error: Environment table undefined.

See the LaTeX manual or LaTeX Companion for explanation.
Type  H <return>  for immediate help.
 ...                                              
                                                  
l.3 \begin{table}
                 
Your command was ignored.
Type  I <command> <return>  to replace it with another command,
or  <return>  to continue without it.


! LaTeX Error: Missing \begin{document}.

See the LaTeX manual or LaTeX Companion for explanation.
Type  H <return>  for immediate help.
 ...                                              
                                                  
l.4 \begin{tabular}
                   {ccc}
You're in trouble here.  Try typing  <return>  to proceed.
If that doesn't work, type  X <return>  to quit.

LaTeX Font Info:    External font `cmex10' loaded for size
(Font)              <7> on input line 4.
LaTeX Font Info:    External font `cmex10' loaded for size
(Font)              <5> on input line 4.
! Undefined control sequence.
l.5 \includegraphics
                    [width=.15\textwidth]{Pic/logo}&
The control sequence at the end of the top line
of your error message was never \def'ed. If you have
misspelled it (e.g., `\hobx'), type `I' and the correct
spelling (e.g., `I\hbox'). Otherwise just continue,
and I'll forget about whatever was undefined.

Missing character: There is no [ in font nullfont!
Missing character: There is no w in font nullfont!
Missing character: There is no i in font nullfont!
Missing character: There is no d in font nullfont!
Missing character: There is no t in font nullfont!
Missing character: There is no h in font nullfont!
Missing character: There is no = in font nullfont!
Missing character: There is no . in font nullfont!
Missing character: There is no 1 in font nullfont!
Missing character: There is no 5 in font nullfont!
! Missing number, treated as zero.
<to be read again> 
                   ]
l.5 \includegraphics[width=.15\textwidth]
                                         {Pic/logo}&
A number should have been here; I inserted `0'.
(If you can't figure out why I needed to see a number,
look up `weird error' in the index to The TeXbook.)

! Illegal unit of measure (pt inserted).
<to be read again> 
                   ]
l.5 \includegraphics[width=.15\textwidth]
                                         {Pic/logo}&
Dimensions can be in units of em, ex, in, pt, pc,
cm, mm, dd, cc, bp, or sp; but yours is a new one!
I'll assume that you meant to say pt, for printer's points.
To recover gracefully from this error, it's best to
delete the erroneous units; e.g., type `2' to delete
two letters. (See Chapter 27 of The TeXbook.)

Missing character: There is no ] in font nullfont!
Missing character: There is no P in font nullfont!
Missing character: There is no i in font nullfont!
Missing character: There is no c in font nullfont!
Missing character: There is no / in font nullfont!
Missing character: There is no l in font nullfont!
Missing character: There is no o in font nullfont!
Missing character: There is no g in font nullfont!
Missing character: There is no o in font nullfont!
! Undefined control sequence.
l.8 \begin{center}\Huge
                       
The control sequence at the end of the top line
of your error message was never \def'ed. If you have
misspelled it (e.g., `\hobx'), type `I' and the correct
spelling (e.g., `I\hbox'). Otherwise just continue,
and I'll forget about whatever was undefined.

! Undefined control sequence.
l.9 \typefontR
              {\Large
The control sequence at the end of the top line
of your error message was never \def'ed. If you have
misspelled it (e.g., `\hobx'), type `I' and the correct
spelling (e.g., `I\hbox'). Otherwise just continue,
and I'll forget about whatever was undefined.

! Undefined control sequence.
l.9 \typefontR{\Large
                     
The control sequence at the end of the top line
of your error message was never \def'ed. If you have
misspelled it (e.g., `\hobx'), type `I' and the correct
spelling (e.g., `I\hbox'). Otherwise just continue,
and I'll forget about whatever was undefined.

Missing character: There is no م in font nullfont!
Missing character: There is no ا in font nullfont!
Missing character: There is no ه in font nullfont!
Missing character: There is no ن in font nullfont!
Missing character: There is no ا in font nullfont!
Missing character: There is no م in font nullfont!
Missing character: There is no ه in font nullfont!
Missing character: There is no ٔ in font nullfont!
Missing character: There is no ت in font nullfont!
Missing character: There is no خ in font nullfont!
Missing character: There is no ص in font nullfont!
Missing character: There is no ی in font nullfont!
Missing character: There is no ی in font nullfont!
Missing character: There is no ن in font nullfont!
Missing character: There is no ر in font nullfont!
Missing character: There is no م in font nullfont!
Missing character: There is no ا in font nullfont!
Missing character: There is no ف in font nullfont!
Missing character: There is no ز in font nullfont!
Missing character: There is no ا in font nullfont!
Missing character: There is no ر in font nullfont!
Missing character: There is no م in font nullfont!
Missing character: There is no ت in font nullfont!
Missing character: There is no ن in font nullfont!
Missing character: There is no ب in font nullfont!
Missing character: There is no ا in font nullfont!
Missing character: There is no ز in font nullfont!
Missing character: There is no / in font nullfont!
Missing character: There is no آ in font nullfont!
Missing character: There is no ز in font nullfont!
Missing character: There is no ا in font nullfont!
Missing character: There is no د in font nullfont!
Missing character: There is no س in font nullfont!
Missing character: There is no ل in font nullfont!
Missing character: There is no ا in font nullfont!
Missing character: There is no م in font nullfont!
Missing character: There is no د in font nullfont!
Missing character: There is no ن in font nullfont!
Missing character: There is no ی in font nullfont!
Missing character: There is no ا in font nullfont!
Missing character: There is no ! in font nullfont!
! Undefined control sequence.
l.16 \includegraphics
                     [width=.15\textwidth]{Pic/logo2}
The control sequence at the end of the top line
of your error message was never \def'ed. If you have
misspelled it (e.g., `\hobx'), type `I' and the correct
spelling (e.g., `I\hbox'). Otherwise just continue,
and I'll forget about whatever was undefined.

Missing character: There is no [ in font nullfont!
Missing character: There is no w in font nullfont!
Missing character: There is no i in font nullfont!
Missing character: There is no d in font nullfont!
Missing character: There is no t in font nullfont!
Missing character: There is no h in font nullfont!
Missing character: There is no = in font nullfont!
Missing character: There is no . in font nullfont!
Missing character: There is no 1 in font nullfont!
Missing character: There is no 5 in font nullfont!
! Missing number, treated as zero.
<to be read again> 
                   ]
l.16 \includegraphics[width=.15\textwidth]
                                          {Pic/logo2}
A number should have been here; I inserted `0'.
(If you can't figure out why I needed to see a number,
look up `weird error' in the index to The TeXbook.)

! Illegal unit of measure (pt inserted).
<to be read again> 
                   ]
l.16 \includegraphics[width=.15\textwidth]
                                          {Pic/logo2}
Dimensions can be in units of em, ex, in, pt, pc,
cm, mm, dd, cc, bp, or sp; but yours is a new one!
I'll assume that you meant to say pt, for printer's points.
To recover gracefully from this error, it's best to
delete the erroneous units; e.g., type `2' to delete
two letters. (See Chapter 27 of The TeXbook.)

Missing character: There is no ] in font nullfont!
Missing character: There is no P in font nullfont!
Missing character: There is no i in font nullfont!
Missing character: There is no c in font nullfont!
Missing character: There is no / in font nullfont!
Missing character: There is no l in font nullfont!
Missing character: There is no o in font nullfont!
Missing character: There is no g in font nullfont!
Missing character: There is no o in font nullfont!
Missing character: There is no 2 in font nullfont!

! LaTeX Error: \begin{document} ended by \end{table}.

See the LaTeX manual or LaTeX Companion for explanation.
Type  H <return>  for immediate help.
 ...                                              
                                                  
l.18 \end{table}
                
Your command was ignored.
Type  I <command> <return>  to replace it with another command,
or  <return>  to continue without it.


Overfull \hbox (20.0pt too wide) in paragraph at lines 4--19
[][] 
 []

Missing character: There is no م in font nullfont!
Missing character: There is no ج in font nullfont!
Missing character: There is no و in font nullfont!
Missing character: There is no ع in font nullfont!
Missing character: There is no ه in font nullfont!
Missing character: There is no آ in font nullfont!
Missing character: There is no م in font nullfont!
Missing character: There is no و in font nullfont!
Missing character: There is no ز in font nullfont!
Missing character: There is no ش in font nullfont!
Missing character: There is no ی in font nullfont!
Missing character: There is no : in font nullfont!
Missing character: There is no ع in font cmbx10!
Missing character: There is no ن in font cmbx10!
Missing character: There is no و in font cmbx10!
Missing character: There is no ا in font cmbx10!
Missing character: There is no ن in font cmbx10!
Missing character: There is no ن in font nullfont!
Missing character: There is no ص in font nullfont!
Missing character: There is no ب in font nullfont!
Missing character: There is no و in font nullfont!
Missing character: There is no ت in font nullfont!
Missing character: There is no ن in font nullfont!
Missing character: There is no ظ in font nullfont!
Missing character: There is no ی in font nullfont!
Missing character: There is no م in font nullfont!
Missing character: There is no ا in font nullfont!
Missing character: There is no و in font nullfont!
Missing character: There is no ب in font nullfont!
Missing character: There is no و in font nullfont!
Missing character: There is no ن in font nullfont!
Missing character: There is no ت in font nullfont!
Missing character: There is no و in font nullfont!
Missing character: There is no س in font nullfont!
Missing character: There is no ر in font nullfont!
Missing character: There is no و in font nullfont!
Missing character: There is no ر in font nullfont!
Missing character: There is no ب in font nullfont!
Missing character: There is no ه in font nullfont!
Missing character: There is no ص in font nullfont!
Missing character: There is no و in font nullfont!
Missing character: There is no ر in font nullfont!
Missing character: There is no ت in font nullfont!
Missing character: There is no س in font nullfont!
Missing character: There is no ن in font nullfont!
Missing character: There is no د in font nullfont!
Missing character: There is no ب in font nullfont!
Missing character: There is no ا in font nullfont!
Missing character: There is no ک in font nullfont!
Missing character: There is no س in font nullfont!

Overfull \hbox (3.19443pt too wide) in paragraph at lines 23--25
 []\OT1/cmr/bx/n/10 : 
 []

Missing character: There is no ن in font cmbx10!
Missing character: There is no گ in font cmbx10!
Missing character: There is no ا in font cmbx10!
Missing character: There is no ر in font cmbx10!
Missing character: There is no ش in font cmbx10!
Missing character: There is no ا in font nullfont!
Missing character: There is no ح in font nullfont!
Missing character: There is no س in font nullfont!
Missing character: There is no ا in font nullfont!
Missing character: There is no ن in font nullfont!
Missing character: There is no ت in font nullfont!
Missing character: There is no ر in font nullfont!
Missing character: There is no ک in font nullfont!

Overfull \hbox (3.19443pt too wide) in paragraph at lines 26--28
 []\OT1/cmr/bx/n/10 : 
 []

Missing character: There is no ن in font cmbx10!
Missing character: There is no و in font cmbx10!
Missing character: There is no ی in font cmbx10!
Missing character: There is no س in font cmbx10!
Missing character: There is no ن in font cmbx10!
Missing character: There is no د in font cmbx10!
Missing character: There is no ه in font cmbx10!
Missing character: There is no ا in font nullfont!
Missing character: There is no ح in font nullfont!
Missing character: There is no س in font nullfont!
Missing character: There is no ا in font nullfont!
Missing character: There is no ن in font nullfont!
Missing character: There is no ت in font nullfont!
Missing character: There is no ر in font nullfont!
Missing character: There is no ک in font nullfont!

Overfull \hbox (5.74997pt too wide) in paragraph at lines 31--32
 \OT1/cmr/bx/n/10 :
 []

Missing character: There is no ح in font cmbx10!
Missing character: There is no ا in font cmbx10!
Missing character: There is no م in font cmbx10!
Missing character: There is no ی in font cmbx10!
Missing character: There is no ک in font cmbx10!
Missing character: There is no ا in font cmbx10!
Missing character: There is no ر in font cmbx10!
Missing character: There is no پ in font nullfont!
Missing character: There is no ا in font nullfont!
Missing character: There is no ی in font nullfont!
Missing character: There is no گ in font nullfont!
Missing character: There is no ا in font nullfont!
Missing character: There is no ه in font nullfont!
Missing character: There is no س in font nullfont!
Missing character: There is no ل in font nullfont!
Missing character: There is no ا in font nullfont!
Missing character: There is no م in font nullfont!
Missing character: There is no د in font nullfont!
Missing character: There is no ن in font nullfont!
Missing character: There is no ی in font nullfont!
Missing character: There is no ا in font nullfont!

Overfull \hbox (20.0pt too wide) in paragraph at lines 34--35
[]
 []


Overfull \hbox (3.19443pt too wide) in paragraph at lines 34--35
\OT1/cmr/bx/n/10 :
 []

Missing character: There is no ن in font cmbx10!
Missing character: There is no ا in font cmbx10!
Missing character: There is no ظ in font cmbx10!
Missing character: There is no ر in font cmbx10!
Missing character: There is no ک in font cmbx10!
Missing character: There is no ی in font cmbx10!
Missing character: There is no ف in font cmbx10!
Missing character: There is no ی in font cmbx10!
Missing character: There is no م in font nullfont!
Missing character: There is no ح in font nullfont!
Missing character: There is no م in font nullfont!
Missing character: There is no د in font nullfont!
Missing character: There is no د in font nullfont!
Missing character: There is no م in font nullfont!
Missing character: There is no ا in font nullfont!
Missing character: There is no و in font nullfont!
Missing character: There is no ن in font nullfont!
Missing character: There is no ی in font nullfont!

Overfull \hbox (20.0pt too wide) in paragraph at lines 37--38
[]
 []


Overfull \hbox (3.19443pt too wide) in paragraph at lines 37--38
\OT1/cmr/bx/n/10 :
 []

)
! Emergency stop.
<*> properties.tex
                  
*** (job aborted, no legal \end found)

 
Here is how much of TeX's memory you used:
 12 strings out of 493706
 135 string characters out of 6150888
 54323 words of memory out of 5000000
 3453 multiletter control sequences out of 15000+600000
 3948 words of font info for 15 fonts, out of 8000000 for 9000
 1328 hyphenation exceptions out of 8191
 19i,9n,12p,65b,189s stack positions out of 5000i,500n,10000p,200000b,80000s
No pages of output.
